{"level":"info","message":"::1 - - [26/Feb/2016:14:28:24 +0000] \"GET / HTTP/1.1\" 200 29\n","timestamp":"2016-02-26T14:28:24.934Z"}
{"level":"info","message":"::1 - - [26/Feb/2016:14:28:27 +0000] \"GET / HTTP/1.1\" 304 -\n","timestamp":"2016-02-26T14:28:27.588Z"}
{"level":"info","message":"::1 - - [26/Feb/2016:14:28:28 +0000] \"GET / HTTP/1.1\" 304 -\n","timestamp":"2016-02-26T14:28:28.737Z"}
{"level":"info","message":"::1 - - [26/Feb/2016:14:28:29 +0000] \"GET / HTTP/1.1\" 304 -\n","timestamp":"2016-02-26T14:28:29.866Z"}
{"level":"info","message":"::1 - - [26/Feb/2016:14:28:30 +0000] \"GET / HTTP/1.1\" 304 -\n","timestamp":"2016-02-26T14:28:30.848Z"}
{"level":"info","message":"::1 - - [26/Feb/2016:14:28:38 +0000] \"GET / HTTP/1.1\" 304 -\n","timestamp":"2016-02-26T14:28:38.682Z"}
{"level":"info","message":"::1 - - [26/Feb/2016:14:28:39 +0000] \"GET / HTTP/1.1\" 304 -\n","timestamp":"2016-02-26T14:28:39.457Z"}
{"level":"info","message":"::1 - - [26/Feb/2016:14:28:40 +0000] \"GET / HTTP/1.1\" 304 -\n","timestamp":"2016-02-26T14:28:40.099Z"}
{"level":"info","message":"::1 - - [26/Feb/2016:14:31:04 +0000] \"GET / HTTP/1.1\" 304 -\n","timestamp":"2016-02-26T14:31:04.738Z"}
{"level":"info","message":"::1 - - [26/Feb/2016:14:31:05 +0000] \"GET / HTTP/1.1\" 304 -\n","timestamp":"2016-02-26T14:31:05.689Z"}
{"level":"info","message":"::1 - - [26/Feb/2016:14:31:06 +0000] \"GET / HTTP/1.1\" 304 -\n","timestamp":"2016-02-26T14:31:06.271Z"}
{"level":"info","message":"::1 - - [26/Feb/2016:14:31:06 +0000] \"GET / HTTP/1.1\" 304 -\n","timestamp":"2016-02-26T14:31:06.708Z"}
{"level":"info","message":"::1 - - [26/Feb/2016:14:31:07 +0000] \"GET / HTTP/1.1\" 304 -\n","timestamp":"2016-02-26T14:31:07.013Z"}
{"level":"info","message":"::1 - - [26/Feb/2016:14:31:49 +0000] \"GET /users HTTP/1.1\" 404 18\n","timestamp":"2016-02-26T14:31:49.307Z"}
{"level":"info","message":"::1 - - [28/Feb/2016:09:00:07 +0000] \"GET /apidoc HTTP/1.1\" 303 47\n","timestamp":"2016-02-28T09:00:07.180Z"}
{"level":"info","message":"::1 - - [28/Feb/2016:09:00:07 +0000] \"GET /apidoc/ HTTP/1.1\" 200 26534\n","timestamp":"2016-02-28T09:00:07.193Z"}
{"level":"info","message":"::1 - - [28/Feb/2016:09:00:07 +0000] \"GET /apidoc/vendor/bootstrap.min.css HTTP/1.1\" 200 106006\n","timestamp":"2016-02-28T09:00:07.638Z"}
{"level":"info","message":"::1 - - [28/Feb/2016:09:00:07 +0000] \"GET /apidoc/vendor/prettify.css HTTP/1.1\" 200 1482\n","timestamp":"2016-02-28T09:00:07.651Z"}
{"level":"info","message":"::1 - - [28/Feb/2016:09:00:07 +0000] \"GET /apidoc/css/style.css HTTP/1.1\" 200 9962\n","timestamp":"2016-02-28T09:00:07.665Z"}
{"level":"info","message":"::1 - - [28/Feb/2016:09:00:07 +0000] \"GET /apidoc/vendor/polyfill.js HTTP/1.1\" 200 2783\n","timestamp":"2016-02-28T09:00:07.677Z"}
{"level":"info","message":"::1 - - [28/Feb/2016:09:00:07 +0000] \"GET /apidoc/vendor/require.min.js HTTP/1.1\" 200 15218\n","timestamp":"2016-02-28T09:00:07.693Z"}
{"level":"info","message":"::1 - - [28/Feb/2016:09:00:08 +0000] \"GET /apidoc/main.js HTTP/1.1\" 200 24202\n","timestamp":"2016-02-28T09:00:08.116Z"}
{"level":"info","message":"::1 - - [28/Feb/2016:09:00:08 +0000] \"GET /apidoc/vendor/jquery.min.js?v=1456650008121 HTTP/1.1\" 200 95786\n","timestamp":"2016-02-28T09:00:08.176Z"}
{"level":"info","message":"::1 - - [28/Feb/2016:09:00:08 +0000] \"GET /apidoc/vendor/lodash.min.js?v=1456650008121 HTTP/1.1\" 200 31341\n","timestamp":"2016-02-28T09:00:08.185Z"}
{"level":"info","message":"::1 - - [28/Feb/2016:09:00:08 +0000] \"GET /apidoc/locales/locale.js?v=1456650008121 HTTP/1.1\" 200 1134\n","timestamp":"2016-02-28T09:00:08.201Z"}
{"level":"info","message":"::1 - - [28/Feb/2016:09:00:08 +0000] \"GET /apidoc/api_project.js?v=1456650008121 HTTP/1.1\" 200 365\n","timestamp":"2016-02-28T09:00:08.214Z"}
{"level":"info","message":"::1 - - [28/Feb/2016:09:00:08 +0000] \"GET /apidoc/api_data.js?v=1456650008121 HTTP/1.1\" 200 19811\n","timestamp":"2016-02-28T09:00:08.229Z"}
{"level":"info","message":"::1 - - [28/Feb/2016:09:00:08 +0000] \"GET /apidoc/utils/send_sample_request.js?v=1456650008121 HTTP/1.1\" 200 6180\n","timestamp":"2016-02-28T09:00:08.245Z"}
{"level":"info","message":"::1 - - [28/Feb/2016:09:00:08 +0000] \"GET /apidoc/vendor/semver.min.js?v=1456650008121 HTTP/1.1\" 200 12950\n","timestamp":"2016-02-28T09:00:08.258Z"}
{"level":"info","message":"::1 - - [28/Feb/2016:09:00:08 +0000] \"GET /apidoc/vendor/webfontloader.js?v=1456650008121 HTTP/1.1\" 200 12362\n","timestamp":"2016-02-28T09:00:08.270Z"}
{"level":"info","message":"::1 - - [28/Feb/2016:09:00:08 +0000] \"GET /apidoc/vendor/path-to-regexp/index.js?v=1456650008121 HTTP/1.1\" 200 5147\n","timestamp":"2016-02-28T09:00:08.288Z"}
{"level":"info","message":"::1 - - [28/Feb/2016:09:00:08 +0000] \"GET /apidoc/vendor/prettify/prettify.js?v=1456650008121 HTTP/1.1\" 200 14551\n","timestamp":"2016-02-28T09:00:08.302Z"}
{"level":"info","message":"::1 - - [28/Feb/2016:09:00:08 +0000] \"GET /apidoc/vendor/handlebars.min.js?v=1456650008121 HTTP/1.1\" 200 48517\n","timestamp":"2016-02-28T09:00:08.317Z"}
{"level":"info","message":"::1 - - [28/Feb/2016:09:00:08 +0000] \"GET /apidoc/locales/ca.js?v=1456650008121 HTTP/1.1\" 200 1225\n","timestamp":"2016-02-28T09:00:08.335Z"}
{"level":"info","message":"::1 - - [28/Feb/2016:09:00:08 +0000] \"GET /apidoc/locales/de.js?v=1456650008121 HTTP/1.1\" 200 1234\n","timestamp":"2016-02-28T09:00:08.352Z"}
{"level":"info","message":"::1 - - [28/Feb/2016:09:00:08 +0000] \"GET /apidoc/locales/es.js?v=1456650008121 HTTP/1.1\" 200 1244\n","timestamp":"2016-02-28T09:00:08.363Z"}
{"level":"info","message":"::1 - - [28/Feb/2016:09:00:08 +0000] \"GET /apidoc/locales/fr.js?v=1456650008121 HTTP/1.1\" 200 1264\n","timestamp":"2016-02-28T09:00:08.378Z"}
{"level":"info","message":"::1 - - [28/Feb/2016:09:00:08 +0000] \"GET /apidoc/locales/nl.js?v=1456650008121 HTTP/1.1\" 200 1241\n","timestamp":"2016-02-28T09:00:08.392Z"}
{"level":"info","message":"::1 - - [28/Feb/2016:09:00:08 +0000] \"GET /apidoc/locales/pl.js?v=1456650008121 HTTP/1.1\" 200 1226\n","timestamp":"2016-02-28T09:00:08.405Z"}
{"level":"info","message":"::1 - - [28/Feb/2016:09:00:08 +0000] \"GET /apidoc/locales/pt_br.js?v=1456650008121 HTTP/1.1\" 200 1236\n","timestamp":"2016-02-28T09:00:08.417Z"}
{"level":"info","message":"::1 - - [28/Feb/2016:09:00:08 +0000] \"GET /apidoc/locales/ru.js?v=1456650008121 HTTP/1.1\" 200 1481\n","timestamp":"2016-02-28T09:00:08.431Z"}
{"level":"info","message":"::1 - - [28/Feb/2016:09:00:08 +0000] \"GET /apidoc/locales/zh.js?v=1456650008121 HTTP/1.1\" 200 1163\n","timestamp":"2016-02-28T09:00:08.445Z"}
{"level":"info","message":"::1 - - [28/Feb/2016:09:00:08 +0000] \"GET /apidoc/locales/zh_cn.js?v=1456650008121 HTTP/1.1\" 200 1186\n","timestamp":"2016-02-28T09:00:08.460Z"}
{"level":"info","message":"::1 - - [28/Feb/2016:09:00:08 +0000] \"GET /apidoc/vendor/bootstrap.min.js?v=1456650008121 HTTP/1.1\" 200 28631\n","timestamp":"2016-02-28T09:00:08.475Z"}
{"level":"info","message":"::1 - - [28/Feb/2016:09:00:08 +0000] \"GET /apidoc/utils/handlebars_helper.js?v=1456650008121 HTTP/1.1\" 200 9397\n","timestamp":"2016-02-28T09:00:08.494Z"}
{"level":"info","message":"::1 - - [28/Feb/2016:09:00:08 +0000] \"GET /apidoc/vendor/diff_match_patch.min.js?v=1456650008121 HTTP/1.1\" 200 19192\n","timestamp":"2016-02-28T09:00:08.517Z"}
{"level":"info","message":"::1 - - [28/Feb/2016:09:00:13 +0000] \"GET /apidoc/vendor/bootstrap.min.css HTTP/1.1\" 304 -\n","timestamp":"2016-02-28T09:00:13.769Z"}
{"level":"info","message":"::1 - - [28/Feb/2016:09:00:13 +0000] \"GET /apidoc/vendor/prettify.css HTTP/1.1\" 304 -\n","timestamp":"2016-02-28T09:00:13.792Z"}
{"level":"info","message":"::1 - - [28/Feb/2016:09:00:13 +0000] \"GET /apidoc/css/style.css HTTP/1.1\" 304 -\n","timestamp":"2016-02-28T09:00:13.802Z"}
{"level":"info","message":"::1 - - [28/Feb/2016:09:00:20 +0000] \"GET /apidoc/ HTTP/1.1\" 304 -\n","timestamp":"2016-02-28T09:00:20.568Z"}
{"level":"info","message":"::1 - - [28/Feb/2016:09:00:20 +0000] \"GET /apidoc/vendor/bootstrap.min.css HTTP/1.1\" 304 -\n","timestamp":"2016-02-28T09:00:20.918Z"}
{"level":"info","message":"::1 - - [28/Feb/2016:09:00:20 +0000] \"GET /apidoc/css/style.css HTTP/1.1\" 304 -\n","timestamp":"2016-02-28T09:00:20.921Z"}
{"level":"info","message":"::1 - - [28/Feb/2016:09:00:20 +0000] \"GET /apidoc/vendor/prettify.css HTTP/1.1\" 304 -\n","timestamp":"2016-02-28T09:00:20.923Z"}
{"level":"info","message":"::1 - - [28/Feb/2016:09:00:20 +0000] \"GET /apidoc/vendor/polyfill.js HTTP/1.1\" 304 -\n","timestamp":"2016-02-28T09:00:20.932Z"}
{"level":"info","message":"::1 - - [28/Feb/2016:09:00:20 +0000] \"GET /apidoc/vendor/require.min.js HTTP/1.1\" 304 -\n","timestamp":"2016-02-28T09:00:20.932Z"}
{"level":"info","message":"::1 - - [28/Feb/2016:09:00:21 +0000] \"GET /apidoc/main.js HTTP/1.1\" 304 -\n","timestamp":"2016-02-28T09:00:21.491Z"}
{"level":"info","message":"::1 - - [28/Feb/2016:09:00:21 +0000] \"GET /apidoc/vendor/jquery.min.js?v=1456650021504 HTTP/1.1\" 200 95786\n","timestamp":"2016-02-28T09:00:21.535Z"}
{"level":"info","message":"::1 - - [28/Feb/2016:09:00:21 +0000] \"GET /apidoc/vendor/lodash.min.js?v=1456650021504 HTTP/1.1\" 200 31341\n","timestamp":"2016-02-28T09:00:21.548Z"}
{"level":"info","message":"::1 - - [28/Feb/2016:09:00:21 +0000] \"GET /apidoc/locales/locale.js?v=1456650021504 HTTP/1.1\" 200 1134\n","timestamp":"2016-02-28T09:00:21.570Z"}
{"level":"info","message":"::1 - - [28/Feb/2016:09:00:21 +0000] \"GET /apidoc/api_project.js?v=1456650021504 HTTP/1.1\" 200 365\n","timestamp":"2016-02-28T09:00:21.582Z"}
{"level":"info","message":"::1 - - [28/Feb/2016:09:00:21 +0000] \"GET /apidoc/api_data.js?v=1456650021504 HTTP/1.1\" 200 19811\n","timestamp":"2016-02-28T09:00:21.601Z"}
{"level":"info","message":"::1 - - [28/Feb/2016:09:00:21 +0000] \"GET /apidoc/utils/send_sample_request.js?v=1456650021504 HTTP/1.1\" 200 6180\n","timestamp":"2016-02-28T09:00:21.630Z"}
{"level":"info","message":"::1 - - [28/Feb/2016:09:00:21 +0000] \"GET /apidoc/vendor/semver.min.js?v=1456650021504 HTTP/1.1\" 200 12950\n","timestamp":"2016-02-28T09:00:21.647Z"}
{"level":"info","message":"::1 - - [28/Feb/2016:09:00:21 +0000] \"GET /apidoc/vendor/webfontloader.js?v=1456650021504 HTTP/1.1\" 200 12362\n","timestamp":"2016-02-28T09:00:21.664Z"}
{"level":"info","message":"::1 - - [28/Feb/2016:09:00:21 +0000] \"GET /apidoc/vendor/path-to-regexp/index.js?v=1456650021504 HTTP/1.1\" 200 5147\n","timestamp":"2016-02-28T09:00:21.691Z"}
{"level":"info","message":"::1 - - [28/Feb/2016:09:00:21 +0000] \"GET /apidoc/vendor/prettify/prettify.js?v=1456650021504 HTTP/1.1\" 200 14551\n","timestamp":"2016-02-28T09:00:21.719Z"}
{"level":"info","message":"::1 - - [28/Feb/2016:09:00:21 +0000] \"GET /apidoc/vendor/handlebars.min.js?v=1456650021504 HTTP/1.1\" 200 48517\n","timestamp":"2016-02-28T09:00:21.738Z"}
{"level":"info","message":"::1 - - [28/Feb/2016:09:00:21 +0000] \"GET /apidoc/vendor/bootstrap.min.js?v=1456650021504 HTTP/1.1\" 200 28631\n","timestamp":"2016-02-28T09:00:21.751Z"}
{"level":"info","message":"::1 - - [28/Feb/2016:09:00:21 +0000] \"GET /apidoc/locales/ca.js?v=1456650021504 HTTP/1.1\" 200 1225\n","timestamp":"2016-02-28T09:00:21.768Z"}
{"level":"info","message":"::1 - - [28/Feb/2016:09:00:21 +0000] \"GET /apidoc/locales/de.js?v=1456650021504 HTTP/1.1\" 200 1234\n","timestamp":"2016-02-28T09:00:21.782Z"}
{"level":"info","message":"::1 - - [28/Feb/2016:09:00:21 +0000] \"GET /apidoc/locales/es.js?v=1456650021504 HTTP/1.1\" 200 1244\n","timestamp":"2016-02-28T09:00:21.802Z"}
{"level":"info","message":"::1 - - [28/Feb/2016:09:00:21 +0000] \"GET /apidoc/locales/fr.js?v=1456650021504 HTTP/1.1\" 200 1264\n","timestamp":"2016-02-28T09:00:21.811Z"}
{"level":"info","message":"::1 - - [28/Feb/2016:09:00:21 +0000] \"GET /apidoc/locales/nl.js?v=1456650021504 HTTP/1.1\" 200 1241\n","timestamp":"2016-02-28T09:00:21.829Z"}
{"level":"info","message":"::1 - - [28/Feb/2016:09:00:21 +0000] \"GET /apidoc/locales/pl.js?v=1456650021504 HTTP/1.1\" 200 1226\n","timestamp":"2016-02-28T09:00:21.846Z"}
{"level":"info","message":"::1 - - [28/Feb/2016:09:00:21 +0000] \"GET /apidoc/locales/pt_br.js?v=1456650021504 HTTP/1.1\" 200 1236\n","timestamp":"2016-02-28T09:00:21.859Z"}
{"level":"info","message":"::1 - - [28/Feb/2016:09:00:21 +0000] \"GET /apidoc/locales/ru.js?v=1456650021504 HTTP/1.1\" 200 1481\n","timestamp":"2016-02-28T09:00:21.874Z"}
{"level":"info","message":"::1 - - [28/Feb/2016:09:00:21 +0000] \"GET /apidoc/locales/zh.js?v=1456650021504 HTTP/1.1\" 200 1163\n","timestamp":"2016-02-28T09:00:21.902Z"}
{"level":"info","message":"::1 - - [28/Feb/2016:09:00:21 +0000] \"GET /apidoc/locales/zh_cn.js?v=1456650021504 HTTP/1.1\" 200 1186\n","timestamp":"2016-02-28T09:00:21.942Z"}
{"level":"info","message":"::1 - - [28/Feb/2016:09:00:21 +0000] \"GET /apidoc/utils/handlebars_helper.js?v=1456650021504 HTTP/1.1\" 200 9397\n","timestamp":"2016-02-28T09:00:21.966Z"}
{"level":"info","message":"::1 - - [28/Feb/2016:09:00:21 +0000] \"GET /apidoc/vendor/diff_match_patch.min.js?v=1456650021504 HTTP/1.1\" 200 19192\n","timestamp":"2016-02-28T09:00:21.992Z"}
{"level":"info","message":"::1 - - [28/Feb/2016:09:00:46 +0000] \"GET /apidoc/ HTTP/1.1\" 200 -\n","timestamp":"2016-02-28T09:00:46.178Z"}
{"level":"info","message":"::1 - - [28/Feb/2016:09:00:46 +0000] \"GET /apidoc/vendor/require.min.js HTTP/1.1\" 200 -\n","timestamp":"2016-02-28T09:00:46.527Z"}
{"level":"info","message":"::1 - - [28/Feb/2016:09:00:46 +0000] \"GET /apidoc/vendor/bootstrap.min.css HTTP/1.1\" 200 -\n","timestamp":"2016-02-28T09:00:46.531Z"}
{"level":"info","message":"::1 - - [28/Feb/2016:09:00:46 +0000] \"GET /apidoc/css/style.css HTTP/1.1\" 200 -\n","timestamp":"2016-02-28T09:00:46.586Z"}
{"level":"info","message":"::1 - - [28/Feb/2016:09:00:46 +0000] \"GET /apidoc/vendor/prettify.css HTTP/1.1\" 200 -\n","timestamp":"2016-02-28T09:00:46.581Z"}
{"level":"info","message":"::1 - - [28/Feb/2016:09:00:46 +0000] \"GET /apidoc/vendor/polyfill.js HTTP/1.1\" 200 -\n","timestamp":"2016-02-28T09:00:46.586Z"}
{"level":"info","message":"::1 - - [28/Feb/2016:09:00:47 +0000] \"GET /apidoc/main.js HTTP/1.1\" 200 -\n","timestamp":"2016-02-28T09:00:47.070Z"}
{"level":"info","message":"::1 - - [28/Feb/2016:09:00:47 +0000] \"GET /apidoc/vendor/jquery.min.js?v=1456650047083 HTTP/1.1\" 200 -\n","timestamp":"2016-02-28T09:00:47.124Z"}
{"level":"info","message":"::1 - - [28/Feb/2016:09:00:47 +0000] \"GET /apidoc/vendor/lodash.min.js?v=1456650047083 HTTP/1.1\" 200 -\n","timestamp":"2016-02-28T09:00:47.135Z"}
{"level":"info","message":"::1 - - [28/Feb/2016:09:00:47 +0000] \"GET /apidoc/locales/locale.js?v=1456650047083 HTTP/1.1\" 200 -\n","timestamp":"2016-02-28T09:00:47.145Z"}
{"level":"info","message":"::1 - - [28/Feb/2016:09:00:47 +0000] \"GET /apidoc/api_project.js?v=1456650047083 HTTP/1.1\" 200 365\n","timestamp":"2016-02-28T09:00:47.157Z"}
{"level":"info","message":"::1 - - [28/Feb/2016:09:00:47 +0000] \"GET /apidoc/api_data.js?v=1456650047083 HTTP/1.1\" 200 -\n","timestamp":"2016-02-28T09:00:47.170Z"}
{"level":"info","message":"::1 - - [28/Feb/2016:09:00:47 +0000] \"GET /apidoc/utils/send_sample_request.js?v=1456650047083 HTTP/1.1\" 200 -\n","timestamp":"2016-02-28T09:00:47.183Z"}
{"level":"info","message":"::1 - - [28/Feb/2016:09:00:47 +0000] \"GET /apidoc/vendor/semver.min.js?v=1456650047083 HTTP/1.1\" 200 -\n","timestamp":"2016-02-28T09:00:47.195Z"}
{"level":"info","message":"::1 - - [28/Feb/2016:09:00:47 +0000] \"GET /apidoc/vendor/webfontloader.js?v=1456650047083 HTTP/1.1\" 200 -\n","timestamp":"2016-02-28T09:00:47.211Z"}
{"level":"info","message":"::1 - - [28/Feb/2016:09:00:47 +0000] \"GET /apidoc/vendor/path-to-regexp/index.js?v=1456650047083 HTTP/1.1\" 200 -\n","timestamp":"2016-02-28T09:00:47.231Z"}
{"level":"info","message":"::1 - - [28/Feb/2016:09:00:47 +0000] \"GET /apidoc/vendor/prettify/prettify.js?v=1456650047083 HTTP/1.1\" 200 -\n","timestamp":"2016-02-28T09:00:47.263Z"}
{"level":"info","message":"::1 - - [28/Feb/2016:09:00:47 +0000] \"GET /apidoc/vendor/handlebars.min.js?v=1456650047083 HTTP/1.1\" 200 -\n","timestamp":"2016-02-28T09:00:47.282Z"}
{"level":"info","message":"::1 - - [28/Feb/2016:09:00:47 +0000] \"GET /apidoc/vendor/bootstrap.min.js?v=1456650047083 HTTP/1.1\" 200 -\n","timestamp":"2016-02-28T09:00:47.313Z"}
{"level":"info","message":"::1 - - [28/Feb/2016:09:00:47 +0000] \"GET /apidoc/locales/ca.js?v=1456650047083 HTTP/1.1\" 200 -\n","timestamp":"2016-02-28T09:00:47.338Z"}
{"level":"info","message":"::1 - - [28/Feb/2016:09:00:47 +0000] \"GET /apidoc/locales/de.js?v=1456650047083 HTTP/1.1\" 200 -\n","timestamp":"2016-02-28T09:00:47.356Z"}
{"level":"info","message":"::1 - - [28/Feb/2016:09:00:47 +0000] \"GET /apidoc/locales/es.js?v=1456650047083 HTTP/1.1\" 200 -\n","timestamp":"2016-02-28T09:00:47.370Z"}
{"level":"info","message":"::1 - - [28/Feb/2016:09:00:47 +0000] \"GET /apidoc/locales/fr.js?v=1456650047083 HTTP/1.1\" 200 -\n","timestamp":"2016-02-28T09:00:47.385Z"}
{"level":"info","message":"::1 - - [28/Feb/2016:09:00:47 +0000] \"GET /apidoc/locales/nl.js?v=1456650047083 HTTP/1.1\" 200 -\n","timestamp":"2016-02-28T09:00:47.402Z"}
{"level":"info","message":"::1 - - [28/Feb/2016:09:00:47 +0000] \"GET /apidoc/locales/pl.js?v=1456650047083 HTTP/1.1\" 200 -\n","timestamp":"2016-02-28T09:00:47.413Z"}
{"level":"info","message":"::1 - - [28/Feb/2016:09:00:47 +0000] \"GET /apidoc/locales/pt_br.js?v=1456650047083 HTTP/1.1\" 200 -\n","timestamp":"2016-02-28T09:00:47.427Z"}
{"level":"info","message":"::1 - - [28/Feb/2016:09:00:47 +0000] \"GET /apidoc/locales/ru.js?v=1456650047083 HTTP/1.1\" 200 -\n","timestamp":"2016-02-28T09:00:47.442Z"}
{"level":"info","message":"::1 - - [28/Feb/2016:09:00:47 +0000] \"GET /apidoc/locales/zh.js?v=1456650047083 HTTP/1.1\" 200 -\n","timestamp":"2016-02-28T09:00:47.458Z"}
{"level":"info","message":"::1 - - [28/Feb/2016:09:00:47 +0000] \"GET /apidoc/locales/zh_cn.js?v=1456650047083 HTTP/1.1\" 200 -\n","timestamp":"2016-02-28T09:00:47.478Z"}
{"level":"info","message":"::1 - - [28/Feb/2016:09:00:47 +0000] \"GET /apidoc/utils/handlebars_helper.js?v=1456650047083 HTTP/1.1\" 200 -\n","timestamp":"2016-02-28T09:00:47.503Z"}
{"level":"info","message":"::1 - - [28/Feb/2016:09:00:47 +0000] \"GET /apidoc/vendor/diff_match_patch.min.js?v=1456650047083 HTTP/1.1\" 200 -\n","timestamp":"2016-02-28T09:00:47.557Z"}
{"level":"info","message":"::1 - - [28/Feb/2016:09:21:15 +0000] \"GET / HTTP/1.1\" 200 29\n","timestamp":"2016-02-28T09:21:15.072Z"}
{"level":"info","message":"::1 - - [28/Feb/2016:09:21:15 +0000] \"GET /favicon.ico HTTP/1.1\" 404 24\n","timestamp":"2016-02-28T09:21:15.976Z"}
{"level":"info","message":"::1 - - [28/Feb/2016:09:21:18 +0000] \"GET /ntask HTTP/1.1\" 404 18\n","timestamp":"2016-02-28T09:21:18.925Z"}
{"level":"info","message":"::1 - - [28/Feb/2016:09:21:24 +0000] \"GET /apidocs HTTP/1.1\" 404 20\n","timestamp":"2016-02-28T09:21:24.234Z"}
{"level":"info","message":"::1 - - [28/Feb/2016:09:21:28 +0000] \"GET /apidoc HTTP/1.1\" 303 47\n","timestamp":"2016-02-28T09:21:28.243Z"}
{"level":"info","message":"::1 - - [28/Feb/2016:09:21:28 +0000] \"GET /apidoc/ HTTP/1.1\" 200 -\n","timestamp":"2016-02-28T09:21:28.260Z"}
{"level":"info","message":"::1 - - [28/Feb/2016:09:21:28 +0000] \"GET /apidoc/vendor/bootstrap.min.css HTTP/1.1\" 200 -\n","timestamp":"2016-02-28T09:21:28.393Z"}
{"level":"info","message":"::1 - - [28/Feb/2016:09:21:28 +0000] \"GET /apidoc/vendor/prettify.css HTTP/1.1\" 200 -\n","timestamp":"2016-02-28T09:21:28.402Z"}
{"level":"info","message":"::1 - - [28/Feb/2016:09:21:28 +0000] \"GET /apidoc/css/style.css HTTP/1.1\" 200 -\n","timestamp":"2016-02-28T09:21:28.407Z"}
{"level":"info","message":"::1 - - [28/Feb/2016:09:21:28 +0000] \"GET /apidoc/vendor/polyfill.js HTTP/1.1\" 200 -\n","timestamp":"2016-02-28T09:21:28.420Z"}
{"level":"info","message":"::1 - - [28/Feb/2016:09:21:28 +0000] \"GET /apidoc/vendor/require.min.js HTTP/1.1\" 200 -\n","timestamp":"2016-02-28T09:21:28.428Z"}
{"level":"info","message":"::1 - - [28/Feb/2016:09:21:28 +0000] \"GET /apidoc/main.js HTTP/1.1\" 200 -\n","timestamp":"2016-02-28T09:21:28.652Z"}
{"level":"info","message":"::1 - - [28/Feb/2016:09:21:28 +0000] \"GET /apidoc/img/favicon.ico HTTP/1.1\" 200 894\n","timestamp":"2016-02-28T09:21:28.672Z"}
{"level":"info","message":"::1 - - [28/Feb/2016:09:21:28 +0000] \"GET /apidoc/vendor/lodash.min.js?v=1456651288700 HTTP/1.1\" 200 -\n","timestamp":"2016-02-28T09:21:28.733Z"}
{"level":"info","message":"::1 - - [28/Feb/2016:09:21:28 +0000] \"GET /apidoc/vendor/jquery.min.js?v=1456651288700 HTTP/1.1\" 200 -\n","timestamp":"2016-02-28T09:21:28.743Z"}
{"level":"info","message":"::1 - - [28/Feb/2016:09:21:28 +0000] \"GET /apidoc/locales/locale.js?v=1456651288700 HTTP/1.1\" 200 -\n","timestamp":"2016-02-28T09:21:28.751Z"}
{"level":"info","message":"::1 - - [28/Feb/2016:09:21:28 +0000] \"GET /apidoc/api_project.js?v=1456651288700 HTTP/1.1\" 200 365\n","timestamp":"2016-02-28T09:21:28.753Z"}
{"level":"info","message":"::1 - - [28/Feb/2016:09:21:28 +0000] \"GET /apidoc/api_data.js?v=1456651288700 HTTP/1.1\" 200 -\n","timestamp":"2016-02-28T09:21:28.766Z"}
{"level":"info","message":"::1 - - [28/Feb/2016:09:21:28 +0000] \"GET /apidoc/utils/send_sample_request.js?v=1456651288700 HTTP/1.1\" 200 -\n","timestamp":"2016-02-28T09:21:28.783Z"}
{"level":"info","message":"::1 - - [28/Feb/2016:09:21:28 +0000] \"GET /apidoc/vendor/semver.min.js?v=1456651288700 HTTP/1.1\" 200 -\n","timestamp":"2016-02-28T09:21:28.793Z"}
{"level":"info","message":"::1 - - [28/Feb/2016:09:21:28 +0000] \"GET /apidoc/vendor/webfontloader.js?v=1456651288700 HTTP/1.1\" 200 -\n","timestamp":"2016-02-28T09:21:28.802Z"}
{"level":"info","message":"::1 - - [28/Feb/2016:09:21:28 +0000] \"GET /apidoc/vendor/path-to-regexp/index.js?v=1456651288700 HTTP/1.1\" 200 -\n","timestamp":"2016-02-28T09:21:28.812Z"}
{"level":"info","message":"::1 - - [28/Feb/2016:09:21:28 +0000] \"GET /apidoc/vendor/prettify/prettify.js?v=1456651288700 HTTP/1.1\" 200 -\n","timestamp":"2016-02-28T09:21:28.824Z"}
{"level":"info","message":"::1 - - [28/Feb/2016:09:21:28 +0000] \"GET /apidoc/vendor/handlebars.min.js?v=1456651288700 HTTP/1.1\" 200 -\n","timestamp":"2016-02-28T09:21:28.835Z"}
{"level":"info","message":"::1 - - [28/Feb/2016:09:21:28 +0000] \"GET /apidoc/locales/ca.js?v=1456651288700 HTTP/1.1\" 200 -\n","timestamp":"2016-02-28T09:21:28.850Z"}
{"level":"info","message":"::1 - - [28/Feb/2016:09:21:28 +0000] \"GET /apidoc/locales/de.js?v=1456651288700 HTTP/1.1\" 200 -\n","timestamp":"2016-02-28T09:21:28.862Z"}
{"level":"info","message":"::1 - - [28/Feb/2016:09:21:28 +0000] \"GET /apidoc/locales/es.js?v=1456651288700 HTTP/1.1\" 200 -\n","timestamp":"2016-02-28T09:21:28.877Z"}
{"level":"info","message":"::1 - - [28/Feb/2016:09:21:28 +0000] \"GET /apidoc/locales/fr.js?v=1456651288700 HTTP/1.1\" 200 -\n","timestamp":"2016-02-28T09:21:28.891Z"}
{"level":"info","message":"::1 - - [28/Feb/2016:09:21:28 +0000] \"GET /apidoc/locales/nl.js?v=1456651288700 HTTP/1.1\" 200 -\n","timestamp":"2016-02-28T09:21:28.900Z"}
{"level":"info","message":"::1 - - [28/Feb/2016:09:21:28 +0000] \"GET /apidoc/locales/pl.js?v=1456651288700 HTTP/1.1\" 200 -\n","timestamp":"2016-02-28T09:21:28.911Z"}
{"level":"info","message":"::1 - - [28/Feb/2016:09:21:28 +0000] \"GET /apidoc/locales/pt_br.js?v=1456651288700 HTTP/1.1\" 200 -\n","timestamp":"2016-02-28T09:21:28.924Z"}
{"level":"info","message":"::1 - - [28/Feb/2016:09:21:28 +0000] \"GET /apidoc/locales/ru.js?v=1456651288700 HTTP/1.1\" 200 -\n","timestamp":"2016-02-28T09:21:28.934Z"}
{"level":"info","message":"::1 - - [28/Feb/2016:09:21:28 +0000] \"GET /apidoc/locales/zh.js?v=1456651288700 HTTP/1.1\" 200 -\n","timestamp":"2016-02-28T09:21:28.942Z"}
{"level":"info","message":"::1 - - [28/Feb/2016:09:21:28 +0000] \"GET /apidoc/locales/zh_cn.js?v=1456651288700 HTTP/1.1\" 200 -\n","timestamp":"2016-02-28T09:21:28.952Z"}
{"level":"info","message":"::1 - - [28/Feb/2016:09:21:28 +0000] \"GET /apidoc/vendor/bootstrap.min.js?v=1456651288700 HTTP/1.1\" 200 -\n","timestamp":"2016-02-28T09:21:28.963Z"}
{"level":"info","message":"::1 - - [28/Feb/2016:09:21:28 +0000] \"GET /apidoc/utils/handlebars_helper.js?v=1456651288700 HTTP/1.1\" 200 -\n","timestamp":"2016-02-28T09:21:28.973Z"}
{"level":"info","message":"::1 - - [28/Feb/2016:09:21:28 +0000] \"GET /apidoc/vendor/diff_match_patch.min.js?v=1456651288700 HTTP/1.1\" 200 -\n","timestamp":"2016-02-28T09:21:28.995Z"}
